<?xml version="1.0" encoding="UTF-8"?>
<testsuite name="FaRTest" tests="2" skipped="0" failures="0" errors="0" timestamp="2017-03-23T16:39:36" hostname="Epicodus-7G.local" time="0.002">
  <properties/>
  <testcase name="wordReplace_instantiatesCorrectly_Array" classname="FaRTest" time="0.001"/>
  <testcase name="wordReplace_returnNewPhrase_Strings" classname="FaRTest" time="0.001"/>
  <system-out><![CDATA[]]></system-out>
  <system-err><![CDATA[]]></system-err>
</testsuite>
