<?xml version="1.0" encoding="UTF-8"?>
<testsuite name="FaRTest" tests="4" skipped="0" failures="0" errors="0" timestamp="2017-03-23T16:51:42" hostname="Epicodus-7G.local" time="0.002">
  <properties/>
  <testcase name="wordReplace_replaceInputWithinWords_Strings" classname="FaRTest" time="0.001"/>
  <testcase name="wordReplace_replaceMultipleWords_Strings" classname="FaRTest" time="0.0"/>
  <testcase name="wordReplace_instantiatesCorrectly_Array" classname="FaRTest" time="0.0"/>
  <testcase name="wordReplace_replaceWord_Strings" classname="FaRTest" time="0.001"/>
  <system-out><![CDATA[]]></system-out>
  <system-err><![CDATA[]]></system-err>
</testsuite>
